<?xml version="1.0" encoding="UTF-8"?>
<!-- Generated by org.testng.reporters.JUnitReportReporter -->
<testsuite hostname="RAHUL" failures="0" tests="2" name="TestNgPractice01.DataProviderEX1" time="0.020" errors="0" timestamp="2024-09-19T15:09:31 IST" skipped="0">
  <testcase classname="TestNgPractice01.DataProviderEX1" name="bookTickets" time="0.002"/>
  <system-out/>
  <testcase classname="TestNgPractice01.DataProviderEX1" name="bookTickets" time="0.018"/>
  <system-out/>
</testsuite> <!-- TestNgPractice01.DataProviderEX1 -->
