<?xml version="1.0" encoding="UTF-8"?>
<!-- Generated by org.testng.reporters.JUnitReportReporter -->
<testsuite hostname="RAHUL" failures="0" tests="1" name="TestNgPractice01.SoftAssertEx" time="0.146" errors="0" timestamp="2024-09-25T16:19:15 IST" skipped="0">
  <testcase classname="TestNgPractice01.SoftAssertEx" name="m1" time="0.146"/>
  <system-out/>
</testsuite> <!-- TestNgPractice01.SoftAssertEx -->
