<?xml version="1.0" encoding="UTF-8"?>
<!-- Generated by org.testng.reporters.JUnitReportReporter -->
<testsuite hostname="RAHUL" failures="0" tests="1" name="Product.CreateProductTest" time="81.620" errors="0" timestamp="2024-10-04T16:03:29 IST" skipped="0">
  <testcase classname="Product.CreateProductTest" name="CreateProductTest" time="81.620"/>
  <system-out/>
</testsuite> <!-- Product.CreateProductTest -->
