<?xml version="1.0" encoding="UTF-8"?>
<!-- Generated by org.testng.reporters.JUnitReportReporter -->
<testsuite hostname="RAHUL" failures="0" tests="3" name="TestNgPractice01.SampleTest" time="0.028" errors="0" timestamp="2024-09-19T14:49:45 IST" skipped="0">
  <testcase classname="TestNgPractice01.SampleTest" name="craeteContact" time="0.025"/>
  <system-out/>
  <testcase classname="TestNgPractice01.SampleTest" name="deleteContact" time="0.002"/>
  <system-out/>
  <testcase classname="TestNgPractice01.SampleTest" name="modifyContact" time="0.001"/>
  <system-out/>
</testsuite> <!-- TestNgPractice01.SampleTest -->
