<?xml version="1.0" encoding="UTF-8"?>
<!-- Generated by org.testng.reporters.JUnitReportReporter -->
<testsuite hostname="RAHUL" failures="0" tests="1" name="Campaign.CreateCampaignsTest" time="93.665" errors="0" timestamp="2024-10-04T15:19:59 IST" skipped="0">
  <testcase classname="Campaign.CreateCampaignsTest" name="createOrganizationTest" time="93.665"/>
  <system-out/>
</testsuite> <!-- Campaign.CreateCampaignsTest -->
